Traceback (most recent call last):
  File "E:\Program Files\python11\Lib\site-packages\jupyter_core\utils\__init__.py", line 154, in wrapped
    asyncio.get_running_loop()
RuntimeError: no running event loop

During handling of the above exception, another exception occurred:

Traceback (most recent call last):
  File "E:\Program Files\python11\Lib\site-packages\jupyter_cache\executors\utils.py", line 58, in single_nb_execution
    executenb(
  File "E:\Program Files\python11\Lib\site-packages\nbclient\client.py", line 1319, in execute
    return NotebookClient(nb=nb, resources=resources, km=km, **kwargs).execute()
           ^^^^^^^^^^^^^^^^^^^^^^^^^^^^^^^^^^^^^^^^^^^^^^^^^^^^^^^^^^^^^^^^^^^^^
  File "E:\Program Files\python11\Lib\site-packages\jupyter_core\utils\__init__.py", line 158, in wrapped
    return loop.run_until_complete(inner)
           ^^^^^^^^^^^^^^^^^^^^^^^^^^^^^^
  File "E:\Program Files\python11\Lib\asyncio\base_events.py", line 653, in run_until_complete
    return future.result()
           ^^^^^^^^^^^^^^^
  File "E:\Program Files\python11\Lib\site-packages\nbclient\client.py", line 709, in async_execute
    await self.async_execute_cell(
  File "E:\Program Files\python11\Lib\site-packages\nbclient\client.py", line 1062, in async_execute_cell
    await self._check_raise_for_error(cell, cell_index, exec_reply)
  File "E:\Program Files\python11\Lib\site-packages\nbclient\client.py", line 918, in _check_raise_for_error
    raise CellExecutionError.from_cell_and_msg(cell, exec_reply_content)
nbclient.exceptions.CellExecutionError: An error occurred while executing the following cell:
------------------
import koneksi
df = koneksi.load_data()
------------------


[31m---------------------------------------------------------------------------[39m
[31mValueError[39m                                Traceback (most recent call last)
[36mCell[39m[36m [39m[32mIn[1][39m[32m, line 1[39m
[32m----> [39m[32m1[39m [38;5;28;01mimport[39;00m[38;5;250m [39m[34;01mkoneksi[39;00m
[32m      2[39m df = koneksi.load_data()

[36mFile [39m[32mE:\Kuliah\Matkul\SMT 5\PSD\Web New\PSD\koneksi.py:3[39m
[32m----> [39m[32m3[39m [38;5;28;01mimport[39;00m[38;5;250m [39m[34;01mpandas[39;00m[38;5;250m [39m[38;5;28;01mas[39;00m[38;5;250m [39m[34;01mpd[39;00m
[32m      4[39m [38;5;28;01mimport[39;00m[38;5;250m [39m[34;01mmysql[39;00m[34;01m.[39;00m[34;01mconnector[39;00m
[32m      5[39m [38;5;28;01mimport[39;00m[38;5;250m [39m[34;01mpsycopg2[39;00m

[36mFile [39m[32mE:\Program Files\python11\Lib\site-packages\pandas\__init__.py:59[39m
[32m     56[39m [38;5;66;03m# let init-time option registration happen[39;00m
[32m     57[39m [38;5;28;01mimport[39;00m[38;5;250m [39m[34;01mpandas[39;00m[34;01m.[39;00m[34;01mcore[39;00m[34;01m.[39;00m[34;01mconfig_init[39;00m  [38;5;66;03m# pyright: ignore[reportUnusedImport] # noqa: F401[39;00m
[32m---> [39m[32m59[39m [38;5;28;01mfrom[39;00m[38;5;250m [39m[34;01mpandas[39;00m[34;01m.[39;00m[34;01mcore[39;00m[34;01m.[39;00m[34;01mapi[39;00m[38;5;250m [39m[38;5;28;01mimport[39;00m (
[32m     60[39m     [38;5;66;03m# dtype[39;00m
[32m     61[39m     ArrowDtype,
[32m     62[39m     Int8Dtype,
[32m     63[39m     Int16Dtype,
[32m     64[39m     Int32Dtype,
[32m     65[39m     Int64Dtype,
[32m     66[39m     UInt8Dtype,
[32m     67[39m     UInt16Dtype,
[32m     68[39m     UInt32Dtype,
[32m     69[39m     UInt64Dtype,
[32m     70[39m     Float32Dtype,
[32m     71[39m     Float64Dtype,
[32m     72[39m     CategoricalDtype,
[32m     73[39m     PeriodDtype,
[32m     74[39m     IntervalDtype,
[32m     75[39m     DatetimeTZDtype,
[32m     76[39m     StringDtype,
[32m     77[39m     BooleanDtype,
[32m     78[39m     [38;5;66;03m# missing[39;00m
[32m     79[39m     NA,
[32m     80[39m     isna,
[32m     81[39m     isnull,
[32m     82[39m     notna,
[32m     83[39m     notnull,
[32m     84[39m     [38;5;66;03m# indexes[39;00m
[32m     85[39m     Index,
[32m     86[39m     CategoricalIndex,
[32m     87[39m     RangeIndex,
[32m     88[39m     MultiIndex,
[32m     89[39m     IntervalIndex,
[32m     90[39m     TimedeltaIndex,
[32m     91[39m     DatetimeIndex,
[32m     92[39m     PeriodIndex,
[32m     93[39m     IndexSlice,
[32m     94[39m     [38;5;66;03m# tseries[39;00m
[32m     95[39m     NaT,
[32m     96[39m     Period,
[32m     97[39m     period_range,
[32m     98[39m     Timedelta,
[32m     99[39m     timedelta_range,
[32m    100[39m     Timestamp,
[32m    101[39m     date_range,
[32m    102[39m     bdate_range,
[32m    103[39m     Interval,
[32m    104[39m     interval_range,
[32m    105[39m     DateOffset,
[32m    106[39m     [38;5;66;03m# conversion[39;00m
[32m    107[39m     to_numeric,
[32m    108[39m     to_datetime,
[32m    109[39m     to_timedelta,
[32m    110[39m     [38;5;66;03m# misc[39;00m
[32m    111[39m     Flags,
[32m    112[39m     Grouper,
[32m    113[39m     factorize,
[32m    114[39m     unique,
[32m    115[39m     value_counts,
[32m    116[39m     NamedAgg,
[32m    117[39m     array,
[32m    118[39m     Categorical,
[32m    119[39m     set_eng_float_format,
[32m    120[39m     Series,
[32m    121[39m     DataFrame,
[32m    122[39m )
[32m    124[39m [38;5;28;01mfrom[39;00m[38;5;250m [39m[34;01mpandas[39;00m[34;01m.[39;00m[34;01mcore[39;00m[34;01m.[39;00m[34;01mdtypes[39;00m[34;01m.[39;00m[34;01mdtypes[39;00m[38;5;250m [39m[38;5;28;01mimport[39;00m SparseDtype
[32m    126[39m [38;5;28;01mfrom[39;00m[38;5;250m [39m[34;01mpandas[39;00m[34;01m.[39;00m[34;01mtseries[39;00m[34;01m.[39;00m[34;01mapi[39;00m[38;5;250m [39m[38;5;28;01mimport[39;00m infer_freq

[36mFile [39m[32mE:\Program Files\python11\Lib\site-packages\pandas\core\api.py:1[39m
[32m----> [39m[32m1[39m [38;5;28;01mfrom[39;00m[38;5;250m [39m[34;01mpandas[39;00m[34;01m.[39;00m[34;01m_libs[39;00m[38;5;250m [39m[38;5;28;01mimport[39;00m (
[32m      2[39m     NaT,
[32m      3[39m     Period,
[32m      4[39m     Timedelta,
[32m      5[39m     Timestamp,
[32m      6[39m )
[32m      7[39m [38;5;28;01mfrom[39;00m[38;5;250m [39m[34;01mpandas[39;00m[34;01m.[39;00m[34;01m_libs[39;00m[34;01m.[39;00m[34;01mmissing[39;00m[38;5;250m [39m[38;5;28;01mimport[39;00m NA
[32m      9[39m [38;5;28;01mfrom[39;00m[38;5;250m [39m[34;01mpandas[39;00m[34;01m.[39;00m[34;01mcore[39;00m[34;01m.[39;00m[34;01mdtypes[39;00m[34;01m.[39;00m[34;01mdtypes[39;00m[38;5;250m [39m[38;5;28;01mimport[39;00m (
[32m     10[39m     ArrowDtype,
[32m     11[39m     CategoricalDtype,
[32m   (...)[39m[32m     14[39m     PeriodDtype,
[32m     15[39m )

[36mFile [39m[32mE:\Program Files\python11\Lib\site-packages\pandas\_libs\__init__.py:18[39m
[32m     16[39m [38;5;28;01mimport[39;00m[38;5;250m [39m[34;01mpandas[39;00m[34;01m.[39;00m[34;01m_libs[39;00m[34;01m.[39;00m[34;01mpandas_parser[39;00m  [38;5;66;03m# noqa: E501 # isort: skip # type: ignore[reportUnusedImport][39;00m
[32m     17[39m [38;5;28;01mimport[39;00m[38;5;250m [39m[34;01mpandas[39;00m[34;01m.[39;00m[34;01m_libs[39;00m[34;01m.[39;00m[34;01mpandas_datetime[39;00m  [38;5;66;03m# noqa: F401,E501 # isort: skip # type: ignore[reportUnusedImport][39;00m
[32m---> [39m[32m18[39m [38;5;28;01mfrom[39;00m[38;5;250m [39m[34;01mpandas[39;00m[34;01m.[39;00m[34;01m_libs[39;00m[34;01m.[39;00m[34;01minterval[39;00m[38;5;250m [39m[38;5;28;01mimport[39;00m Interval
[32m     19[39m [38;5;28;01mfrom[39;00m[38;5;250m [39m[34;01mpandas[39;00m[34;01m.[39;00m[34;01m_libs[39;00m[34;01m.[39;00m[34;01mtslibs[39;00m[38;5;250m [39m[38;5;28;01mimport[39;00m (
[32m     20[39m     NaT,
[32m     21[39m     NaTType,
[32m   (...)[39m[32m     26[39m     iNaT,
[32m     27[39m )

[36mFile [39m[32minterval.pyx:1[39m, in [36minit pandas._libs.interval[39m[34m()[39m

[31mValueError[39m: numpy.dtype size changed, may indicate binary incompatibility. Expected 96 from C header, got 88 from PyObject

